{"E:\\Anshita Learnings\\SwiggyCopy\\my-swiggy\\src\\components\\Body.js": {"path":"E:\\Anshita Learnings\\SwiggyCopy\\my-swiggy\\src\\components\\Body.js","statementMap":{"0":{"start":{"line":7,"column":13},"end":{"line":76,"column":1}},"1":{"start":{"line":9,"column":54},"end":{"line":9,"column":66}},"2":{"start":{"line":10,"column":58},"end":{"line":10,"column":70}},"3":{"start":{"line":11,"column":40},"end":{"line":11,"column":52}},"4":{"start":{"line":12,"column":35},"end":{"line":12,"column":68}},"5":{"start":{"line":15,"column":4},"end":{"line":17,"column":9}},"6":{"start":{"line":16,"column":8},"end":{"line":16,"column":20}},"7":{"start":{"line":19,"column":22},"end":{"line":24,"column":5}},"8":{"start":{"line":20,"column":21},"end":{"line":20,"column":173}},"9":{"start":{"line":21,"column":21},"end":{"line":21,"column":38}},"10":{"start":{"line":22,"column":8},"end":{"line":22,"column":105}},"11":{"start":{"line":23,"column":8},"end":{"line":23,"column":107}},"12":{"start":{"line":26,"column":25},"end":{"line":26,"column":42}},"13":{"start":{"line":27,"column":4},"end":{"line":31,"column":5}},"14":{"start":{"line":28,"column":8},"end":{"line":30,"column":9}},"15":{"start":{"line":33,"column":4},"end":{"line":35,"column":5}},"16":{"start":{"line":34,"column":9},"end":{"line":34,"column":27}},"17":{"start":{"line":36,"column":4},"end":{"line":75,"column":5}},"18":{"start":{"line":44,"column":16},"end":{"line":44,"column":46}},"19":{"start":{"line":53,"column":43},"end":{"line":55,"column":15}},"20":{"start":{"line":54,"column":16},"end":{"line":54,"column":78}},"21":{"start":{"line":56,"column":14},"end":{"line":56,"column":57}},"22":{"start":{"line":65,"column":12},"end":{"line":71,"column":23}}},"fnMap":{"0":{"name":"(anonymous_0)","decl":{"start":{"line":7,"column":13},"end":{"line":7,"column":14}},"loc":{"start":{"line":7,"column":18},"end":{"line":76,"column":1}},"line":7},"1":{"name":"(anonymous_1)","decl":{"start":{"line":15,"column":14},"end":{"line":15,"column":15}},"loc":{"start":{"line":15,"column":19},"end":{"line":17,"column":5}},"line":15},"2":{"name":"(anonymous_2)","decl":{"start":{"line":19,"column":22},"end":{"line":19,"column":23}},"loc":{"start":{"line":19,"column":33},"end":{"line":24,"column":5}},"line":19},"3":{"name":"(anonymous_3)","decl":{"start":{"line":43,"column":24},"end":{"line":43,"column":25}},"loc":{"start":{"line":43,"column":31},"end":{"line":45,"column":15}},"line":43},"4":{"name":"(anonymous_4)","decl":{"start":{"line":51,"column":21},"end":{"line":51,"column":22}},"loc":{"start":{"line":51,"column":27},"end":{"line":57,"column":13}},"line":51},"5":{"name":"(anonymous_5)","decl":{"start":{"line":53,"column":68},"end":{"line":53,"column":69}},"loc":{"start":{"line":54,"column":16},"end":{"line":54,"column":78}},"line":54},"6":{"name":"(anonymous_6)","decl":{"start":{"line":64,"column":37},"end":{"line":64,"column":38}},"loc":{"start":{"line":65,"column":12},"end":{"line":71,"column":23}},"line":65}},"branchMap":{"0":{"loc":{"start":{"line":27,"column":4},"end":{"line":31,"column":5}},"type":"if","locations":[{"start":{"line":27,"column":4},"end":{"line":31,"column":5}},{"start":{},"end":{}}],"line":27},"1":{"loc":{"start":{"line":33,"column":4},"end":{"line":35,"column":5}},"type":"if","locations":[{"start":{"line":33,"column":4},"end":{"line":35,"column":5}},{"start":{},"end":{}}],"line":33},"2":{"loc":{"start":{"line":66,"column":17},"end":{"line":70,"column":21}},"type":"cond-expr","locations":[{"start":{"line":67,"column":19},"end":{"line":67,"column":72}},{"start":{"line":69,"column":24},"end":{"line":69,"column":69}}],"line":66}},"s":{"0":1,"1":4,"2":4,"3":4,"4":4,"5":4,"6":1,"7":4,"8":1,"9":1,"10":1,"11":1,"12":4,"13":4,"14":0,"15":4,"16":1,"17":3,"18":1,"19":1,"20":9,"21":1,"22":21},"f":{"0":4,"1":1,"2":1,"3":1,"4":1,"5":9,"6":21},"b":{"0":[0,4],"1":[1,3],"2":[21,0]},"_coverageSchema":"1a1c01bbd47fc00a2c39e90264f33305004495a9","hash":"6feebfad145b19132e469caab43618dfe3ccb03d"}
,"E:\\Anshita Learnings\\SwiggyCopy\\my-swiggy\\src\\components\\Contact.js": {"path":"E:\\Anshita Learnings\\SwiggyCopy\\my-swiggy\\src\\components\\Contact.js","statementMap":{"0":{"start":{"line":1,"column":16},"end":{"line":22,"column":3}},"1":{"start":{"line":2,"column":4},"end":{"line":21,"column":6}}},"fnMap":{"0":{"name":"(anonymous_0)","decl":{"start":{"line":1,"column":16},"end":{"line":1,"column":17}},"loc":{"start":{"line":1,"column":22},"end":{"line":22,"column":3}},"line":1}},"branchMap":{},"s":{"0":1,"1":5},"f":{"0":5},"b":{},"_coverageSchema":"1a1c01bbd47fc00a2c39e90264f33305004495a9","hash":"09400908aafbc08abac7c2f38e7b0d4473a3492b"}
,"E:\\Anshita Learnings\\SwiggyCopy\\my-swiggy\\src\\components\\Header.js": {"path":"E:\\Anshita Learnings\\SwiggyCopy\\my-swiggy\\src\\components\\Header.js","statementMap":{"0":{"start":{"line":8,"column":15},"end":{"line":42,"column":1}},"1":{"start":{"line":10,"column":34},"end":{"line":10,"column":51}},"2":{"start":{"line":12,"column":25},"end":{"line":12,"column":42}},"3":{"start":{"line":13,"column":27},"end":{"line":13,"column":50}},"4":{"start":{"line":16,"column":22},"end":{"line":16,"column":64}},"5":{"start":{"line":16,"column":45},"end":{"line":16,"column":63}},"6":{"start":{"line":18,"column":4},"end":{"line":41,"column":6}},"7":{"start":{"line":32,"column":64},"end":{"line":34,"column":45}}},"fnMap":{"0":{"name":"(anonymous_0)","decl":{"start":{"line":8,"column":15},"end":{"line":8,"column":16}},"loc":{"start":{"line":8,"column":21},"end":{"line":42,"column":1}},"line":8},"1":{"name":"(anonymous_1)","decl":{"start":{"line":16,"column":34},"end":{"line":16,"column":35}},"loc":{"start":{"line":16,"column":45},"end":{"line":16,"column":63}},"line":16},"2":{"name":"(anonymous_2)","decl":{"start":{"line":32,"column":59},"end":{"line":32,"column":60}},"loc":{"start":{"line":32,"column":63},"end":{"line":35,"column":21}},"line":32}},"branchMap":{"0":{"loc":{"start":{"line":25,"column":44},"end":{"line":25,"column":70}},"type":"cond-expr","locations":[{"start":{"line":25,"column":60},"end":{"line":25,"column":63}},{"start":{"line":25,"column":66},"end":{"line":25,"column":70}}],"line":25},"1":{"loc":{"start":{"line":32,"column":64},"end":{"line":34,"column":45}},"type":"cond-expr","locations":[{"start":{"line":33,"column":24},"end":{"line":33,"column":44}},{"start":{"line":34,"column":26},"end":{"line":34,"column":45}}],"line":32}},"s":{"0":1,"1":4,"2":4,"3":4,"4":4,"5":7,"6":4,"7":1},"f":{"0":4,"1":7,"2":1},"b":{"0":[4,0],"1":[1,0]},"_coverageSchema":"1a1c01bbd47fc00a2c39e90264f33305004495a9","hash":"b81f2f516940673b61837ccd8b2cd43d2f0d3f52"}
,"E:\\Anshita Learnings\\SwiggyCopy\\my-swiggy\\src\\components\\RestaurentCard.js": {"path":"E:\\Anshita Learnings\\SwiggyCopy\\my-swiggy\\src\\components\\RestaurentCard.js","statementMap":{"0":{"start":{"line":3,"column":23},"end":{"line":29,"column":1}},"1":{"start":{"line":4,"column":24},"end":{"line":4,"column":29}},"2":{"start":{"line":13,"column":8},"end":{"line":13,"column":15}},"3":{"start":{"line":15,"column":4},"end":{"line":28,"column":6}},"4":{"start":{"line":33,"column":33},"end":{"line":43,"column":1}},"5":{"start":{"line":34,"column":4},"end":{"line":42,"column":5}},"6":{"start":{"line":35,"column":8},"end":{"line":40,"column":9}}},"fnMap":{"0":{"name":"(anonymous_0)","decl":{"start":{"line":3,"column":23},"end":{"line":3,"column":24}},"loc":{"start":{"line":3,"column":34},"end":{"line":29,"column":1}},"line":3},"1":{"name":"(anonymous_1)","decl":{"start":{"line":33,"column":33},"end":{"line":33,"column":34}},"loc":{"start":{"line":33,"column":53},"end":{"line":43,"column":1}},"line":33},"2":{"name":"(anonymous_2)","decl":{"start":{"line":34,"column":11},"end":{"line":34,"column":12}},"loc":{"start":{"line":34,"column":21},"end":{"line":42,"column":5}},"line":34}},"branchMap":{},"s":{"0":2,"1":22,"2":22,"3":22,"4":2,"5":4,"6":21},"f":{"0":22,"1":4,"2":21},"b":{},"_coverageSchema":"1a1c01bbd47fc00a2c39e90264f33305004495a9","hash":"05d32da747bcaff9585e5f32c5c48b8ad54e6010"}
,"E:\\Anshita Learnings\\SwiggyCopy\\my-swiggy\\src\\components\\Sum.js": {"path":"E:\\Anshita Learnings\\SwiggyCopy\\my-swiggy\\src\\components\\Sum.js","statementMap":{"0":{"start":{"line":1,"column":19},"end":{"line":3,"column":1}},"1":{"start":{"line":2,"column":4},"end":{"line":2,"column":15}}},"fnMap":{"0":{"name":"(anonymous_0)","decl":{"start":{"line":1,"column":19},"end":{"line":1,"column":20}},"loc":{"start":{"line":1,"column":28},"end":{"line":3,"column":1}},"line":1}},"branchMap":{},"s":{"0":1,"1":1},"f":{"0":1},"b":{},"_coverageSchema":"1a1c01bbd47fc00a2c39e90264f33305004495a9","hash":"a18fdc3aef771cde2c4f4bbd2fba7981ecd7cfd5"}
,"E:\\Anshita Learnings\\SwiggyCopy\\my-swiggy\\utils\\appStore.js": {"path":"E:\\Anshita Learnings\\SwiggyCopy\\my-swiggy\\utils\\appStore.js","statementMap":{"0":{"start":{"line":4,"column":17},"end":{"line":9,"column":2}}},"fnMap":{},"branchMap":{},"s":{"0":1},"f":{},"b":{},"_coverageSchema":"1a1c01bbd47fc00a2c39e90264f33305004495a9","hash":"1e5802cebd27eca74fa1de5bab6c407bf94e0ca8"}
}
