TN:
SF:src\components\Body.js
FN:7,(anonymous_0)
FN:15,(anonymous_1)
FN:19,(anonymous_2)
FN:43,(anonymous_3)
FN:51,(anonymous_4)
FN:53,(anonymous_5)
FN:64,(anonymous_6)
FNF:7
FNH:7
FNDA:4,(anonymous_0)
FNDA:1,(anonymous_1)
FNDA:1,(anonymous_2)
FNDA:1,(anonymous_3)
FNDA:1,(anonymous_4)
FNDA:9,(anonymous_5)
FNDA:21,(anonymous_6)
DA:7,1
DA:9,4
DA:10,4
DA:11,4
DA:12,4
DA:15,4
DA:16,1
DA:19,4
DA:20,1
DA:21,1
DA:22,1
DA:23,1
DA:26,4
DA:27,4
DA:28,0
DA:33,4
DA:34,1
DA:36,3
DA:44,1
DA:53,1
DA:54,9
DA:56,1
DA:65,21
LF:23
LH:22
BRDA:27,0,0,0
BRDA:27,0,1,4
BRDA:33,1,0,1
BRDA:33,1,1,3
BRDA:66,2,0,21
BRDA:66,2,1,0
BRF:6
BRH:4
end_of_record
TN:
SF:src\components\Contact.js
FN:1,(anonymous_0)
FNF:1
FNH:1
FNDA:5,(anonymous_0)
DA:1,1
DA:2,5
LF:2
LH:2
BRF:0
BRH:0
end_of_record
TN:
SF:src\components\Header.js
FN:8,(anonymous_0)
FN:16,(anonymous_1)
FN:32,(anonymous_2)
FNF:3
FNH:3
FNDA:4,(anonymous_0)
FNDA:7,(anonymous_1)
FNDA:1,(anonymous_2)
DA:8,1
DA:10,4
DA:12,4
DA:13,4
DA:16,7
DA:18,4
DA:32,1
LF:7
LH:7
BRDA:25,0,0,4
BRDA:25,0,1,0
BRDA:32,1,0,1
BRDA:32,1,1,0
BRF:4
BRH:2
end_of_record
TN:
SF:src\components\RestaurentCard.js
FN:3,(anonymous_0)
FN:33,(anonymous_1)
FN:34,(anonymous_2)
FNF:3
FNH:3
FNDA:22,(anonymous_0)
FNDA:4,(anonymous_1)
FNDA:21,(anonymous_2)
DA:3,2
DA:4,22
DA:13,22
DA:15,22
DA:33,2
DA:34,4
DA:35,21
LF:7
LH:7
BRF:0
BRH:0
end_of_record
TN:
SF:src\components\Sum.js
FN:1,(anonymous_0)
FNF:1
FNH:1
FNDA:1,(anonymous_0)
DA:1,1
DA:2,1
LF:2
LH:2
BRF:0
BRH:0
end_of_record
TN:
SF:utils\appStore.js
FNF:0
FNH:0
DA:4,1
LF:1
LH:1
BRF:0
BRH:0
end_of_record
